<?xml version="1.0" encoding="UTF-8"?>
<testsuite xmlns:xsi="http://www.w3.org/2001/XMLSchema-instance" xsi:noNamespaceSchemaLocation="https://maven.apache.org/surefire/maven-surefire-plugin/xsd/surefire-test-report.xsd" name="tasks.test.DateServiceTest" time="0.162" tests="10" errors="0" skipped="0" failures="0">
  <properties>
    <property name="sun.desktop" value="windows"/>
    <property name="awt.toolkit" value="sun.awt.windows.WToolkit"/>
    <property name="java.specification.version" value="10"/>
    <property name="file.encoding.pkg" value="sun.io"/>
    <property name="sun.cpu.isalist" value="amd64"/>
    <property name="sun.jnu.encoding" value="Cp1252"/>
    <property name="java.class.path" value="C:\Users\pati\Desktop\UNIV\SEM6\VVSS\VVSS2020\target\test-classes;C:\Users\pati\Desktop\UNIV\SEM6\VVSS\VVSS2020\target\classes;C:\Users\pati\.m2\repository\org\junit\jupiter\junit-jupiter-engine\5.6.0\junit-jupiter-engine-5.6.0.jar;C:\Users\pati\.m2\repository\org\apiguardian\apiguardian-api\1.1.0\apiguardian-api-1.1.0.jar;C:\Users\pati\.m2\repository\org\junit\platform\junit-platform-engine\1.6.0\junit-platform-engine-1.6.0.jar;C:\Users\pati\.m2\repository\org\junit\jupiter\junit-jupiter-params\5.6.0\junit-jupiter-params-5.6.0.jar;C:\Users\pati\.m2\repository\org\openjfx\javafx-base\14-ea+4\javafx-base-14-ea+4.jar;C:\Users\pati\.m2\repository\org\openjfx\javafx-base\14-ea+4\javafx-base-14-ea+4-win.jar;C:\Users\pati\.m2\repository\org\openjfx\javafx-graphics\14-ea+4\javafx-graphics-14-ea+4.jar;C:\Users\pati\.m2\repository\org\openjfx\javafx-graphics\14-ea+4\javafx-graphics-14-ea+4-win.jar;C:\Users\pati\.m2\repository\org\openjfx\javafx-controls\14-ea+4\javafx-controls-14-ea+4.jar;C:\Users\pati\.m2\repository\org\openjfx\javafx-controls\14-ea+4\javafx-controls-14-ea+4-win.jar;C:\Users\pati\.m2\repository\org\openjfx\javafx-fxml\14-ea+4\javafx-fxml-14-ea+4.jar;C:\Users\pati\.m2\repository\org\openjfx\javafx-fxml\14-ea+4\javafx-fxml-14-ea+4-win.jar;C:\Users\pati\.m2\repository\org\openjfx\javafx-media\14-ea+4\javafx-media-14-ea+4.jar;C:\Users\pati\.m2\repository\org\openjfx\javafx-media\14-ea+4\javafx-media-14-ea+4-win.jar;C:\Users\pati\.m2\repository\org\openjfx\javafx-swing\14-ea+4\javafx-swing-14-ea+4.jar;C:\Users\pati\.m2\repository\org\openjfx\javafx-swing\14-ea+4\javafx-swing-14-ea+4-win.jar;C:\Users\pati\.m2\repository\org\openjfx\javafx-web\14-ea+4\javafx-web-14-ea+4.jar;C:\Users\pati\.m2\repository\org\openjfx\javafx-web\14-ea+4\javafx-web-14-ea+4-win.jar;C:\Users\pati\.m2\repository\log4j\log4j\1.2.17\log4j-1.2.17.jar;C:\Users\pati\.m2\repository\org\controlsfx\controlsfx\11.0.1\controlsfx-11.0.1.jar;C:\Users\pati\.m2\repository\org\junit\jupiter\junit-jupiter-api\5.6.0\junit-jupiter-api-5.6.0.jar;C:\Users\pati\.m2\repository\org\opentest4j\opentest4j\1.2.0\opentest4j-1.2.0.jar;C:\Users\pati\.m2\repository\org\junit\platform\junit-platform-commons\1.6.0\junit-platform-commons-1.6.0.jar;"/>
    <property name="java.vm.vendor" value="&quot;Oracle Corporation&quot;"/>
    <property name="sun.arch.data.model" value="64"/>
    <property name="user.variant" value=""/>
    <property name="java.vendor.url" value="http://java.oracle.com/"/>
    <property name="user.timezone" value="Europe/Athens"/>
    <property name="java.vm.specification.version" value="10"/>
    <property name="os.name" value="Windows 10"/>
    <property name="sun.java.launcher" value="SUN_STANDARD"/>
    <property name="user.country" value="US"/>
    <property name="sun.boot.library.path" value="C:\Program Files\Java\jdk-10.0.2\bin"/>
    <property name="sun.java.command" value="C:\Users\pati\AppData\Local\Temp\surefire10970748664356461157\surefirebooter3708575255195296837.jar C:\Users\pati\AppData\Local\Temp\surefire10970748664356461157 2020-05-04T20-08-22_656-jvmRun1 surefire13879457053158404460tmp surefire_08761883337334587981tmp"/>
    <property name="jdk.debug" value="release"/>
    <property name="surefire.test.class.path" value="C:\Users\pati\Desktop\UNIV\SEM6\VVSS\VVSS2020\target\test-classes;C:\Users\pati\Desktop\UNIV\SEM6\VVSS\VVSS2020\target\classes;C:\Users\pati\.m2\repository\org\junit\jupiter\junit-jupiter-engine\5.6.0\junit-jupiter-engine-5.6.0.jar;C:\Users\pati\.m2\repository\org\apiguardian\apiguardian-api\1.1.0\apiguardian-api-1.1.0.jar;C:\Users\pati\.m2\repository\org\junit\platform\junit-platform-engine\1.6.0\junit-platform-engine-1.6.0.jar;C:\Users\pati\.m2\repository\org\junit\jupiter\junit-jupiter-params\5.6.0\junit-jupiter-params-5.6.0.jar;C:\Users\pati\.m2\repository\org\openjfx\javafx-base\14-ea+4\javafx-base-14-ea+4.jar;C:\Users\pati\.m2\repository\org\openjfx\javafx-base\14-ea+4\javafx-base-14-ea+4-win.jar;C:\Users\pati\.m2\repository\org\openjfx\javafx-graphics\14-ea+4\javafx-graphics-14-ea+4.jar;C:\Users\pati\.m2\repository\org\openjfx\javafx-graphics\14-ea+4\javafx-graphics-14-ea+4-win.jar;C:\Users\pati\.m2\repository\org\openjfx\javafx-controls\14-ea+4\javafx-controls-14-ea+4.jar;C:\Users\pati\.m2\repository\org\openjfx\javafx-controls\14-ea+4\javafx-controls-14-ea+4-win.jar;C:\Users\pati\.m2\repository\org\openjfx\javafx-fxml\14-ea+4\javafx-fxml-14-ea+4.jar;C:\Users\pati\.m2\repository\org\openjfx\javafx-fxml\14-ea+4\javafx-fxml-14-ea+4-win.jar;C:\Users\pati\.m2\repository\org\openjfx\javafx-media\14-ea+4\javafx-media-14-ea+4.jar;C:\Users\pati\.m2\repository\org\openjfx\javafx-media\14-ea+4\javafx-media-14-ea+4-win.jar;C:\Users\pati\.m2\repository\org\openjfx\javafx-swing\14-ea+4\javafx-swing-14-ea+4.jar;C:\Users\pati\.m2\repository\org\openjfx\javafx-swing\14-ea+4\javafx-swing-14-ea+4-win.jar;C:\Users\pati\.m2\repository\org\openjfx\javafx-web\14-ea+4\javafx-web-14-ea+4.jar;C:\Users\pati\.m2\repository\org\openjfx\javafx-web\14-ea+4\javafx-web-14-ea+4-win.jar;C:\Users\pati\.m2\repository\log4j\log4j\1.2.17\log4j-1.2.17.jar;C:\Users\pati\.m2\repository\org\controlsfx\controlsfx\11.0.1\controlsfx-11.0.1.jar;C:\Users\pati\.m2\repository\org\junit\jupiter\junit-jupiter-api\5.6.0\junit-jupiter-api-5.6.0.jar;C:\Users\pati\.m2\repository\org\opentest4j\opentest4j\1.2.0\opentest4j-1.2.0.jar;C:\Users\pati\.m2\repository\org\junit\platform\junit-platform-commons\1.6.0\junit-platform-commons-1.6.0.jar;"/>
    <property name="sun.cpu.endian" value="little"/>
    <property name="user.home" value="C:\Users\pati"/>
    <property name="user.language" value="en"/>
    <property name="java.specification.vendor" value="Oracle Corporation"/>
    <property name="java.version.date" value="2018-07-17"/>
    <property name="java.home" value="C:\Program Files\Java\jdk-10.0.2"/>
    <property name="file.separator" value="\"/>
    <property name="basedir" value="C:\Users\pati\Desktop\UNIV\SEM6\VVSS\VVSS2020"/>
    <property name="java.vm.compressedOopsMode" value="32-bit"/>
    <property name="line.separator" value="&#10;"/>
    <property name="java.specification.name" value="Java Platform API Specification"/>
    <property name="java.vm.specification.vendor" value="Oracle Corporation"/>
    <property name="java.awt.graphicsenv" value="sun.awt.Win32GraphicsEnvironment"/>
    <property name="surefire.real.class.path" value="C:\Users\pati\AppData\Local\Temp\surefire10970748664356461157\surefirebooter3708575255195296837.jar"/>
    <property name="user.script" value=""/>
    <property name="sun.management.compiler" value="HotSpot 64-Bit Tiered Compilers"/>
    <property name="java.runtime.version" value="10.0.2+13"/>
    <property name="user.name" value="pati"/>
    <property name="path.separator" value=";"/>
    <property name="os.version" value="10.0"/>
    <property name="java.runtime.name" value="Java(TM) SE Runtime Environment"/>
    <property name="file.encoding" value="Cp1252"/>
    <property name="java.vm.name" value="Java HotSpot(TM) 64-Bit Server VM"/>
    <property name="java.vendor.version" value="18.3"/>
    <property name="localRepository" value="C:\Users\pati\.m2\repository"/>
    <property name="java.vendor.url.bug" value="http://bugreport.java.com/bugreport/"/>
    <property name="java.io.tmpdir" value="C:\Users\pati\AppData\Local\Temp\"/>
    <property name="java.version" value="10.0.2"/>
    <property name="user.dir" value="C:\Users\pati\Desktop\UNIV\SEM6\VVSS\VVSS2020"/>
    <property name="os.arch" value="amd64"/>
    <property name="java.vm.specification.name" value="Java Virtual Machine Specification"/>
    <property name="java.awt.printerjob" value="sun.awt.windows.WPrinterJob"/>
    <property name="sun.os.patch.level" value=""/>
    <property name="idea.version2019.1.1" value="true"/>
    <property name="java.library.path" value="C:\Program Files\Java\jdk-10.0.2\bin;C:\WINDOWS\Sun\Java\bin;C:\WINDOWS\system32;C:\WINDOWS;C:\Python27\;C:\Python27\Scripts;C:\Program Files\Microsoft MPI\Bin\;C:\Program Files\Java\jdk-10.0.2\bin;C:\Program Files (x86)\Common Files\Oracle\Java\javapath;C:\Program Files (x86)\Intel\Intel(R) Management Engine Components\iCLS\;C:\Program Files\Intel\Intel(R) Management Engine Components\iCLS\;C:\WINDOWS\system32;C:\WINDOWS;C:\WINDOWS\System32\Wbem;C:\WINDOWS\System32\WindowsPowerShell\v1.0\;C:\Program Files (x86)\Intel\Intel(R) Management Engine Components\DAL;C:\Program Files\Intel\Intel(R) Management Engine Components\DAL;C:\Program Files (x86)\Intel\Intel(R) Management Engine Components\IPT;C:\Program Files\Intel\Intel(R) Management Engine Components\IPT;C:\WINDOWS\System32\OpenSSH\;C:\Program Files\Microsoft SQL Server\Client SDK\ODBC\130\Tools\Binn\;C:\Program Files (x86)\Microsoft SQL Server\140\Tools\Binn\;C:\Program Files\Microsoft SQL Server\140\Tools\Binn\;C:\Program Files\Microsoft SQL Server\140\DTS\Binn\;C:\Program Files\Microsoft SQL Server\130\Tools\Binn\;C:\Program Files\PuTTY\;C:\Program Files\Sublime Text 3;C:\Program Files\Java\jdk-10.0.2;C:\ProgramData\chocolatey\bin;C:\Users\pati\Desktop\UNIV\SEM4\MPP\LAB\GRPC\protoc-3.7.1-win32\bin;C:\xampp\php;C:\xampp\mysql\bin;C:\Program Files\Java\jre-10.0.2;C:\Program Files\Git\cmd;C:\Users\pati\AppData\Roaming\npm;C:\GnuWin32\bin;C:\GnuWin32\gcc\bin;C:\Program Files\CMake\bin;C:\Program Files\nodejs\;C:\Users\pati\AppData\Local\Android\Sdk\platform-tools;C:\Users\pati\AppData\Local\Android\Sdk\tools;C:\Program Files\Matlab\R2019a\runtime\win64;C:\Program Files\Matlab\R2019a\bin;C:\Program Files\Matlab\R2019a\polyspace\bin;C:\Flex Windows\gcc\bin;C:\Flex Windows\Lex\bin;C:\Flex Windows\bison\bin;C:\Users\pati\AppData\Local\Programs\Microsoft VS Code\bin;C:\Users\pati\AppData\Local\GitHubDesktop\bin;C:\Users\pati\AppData\Roaming\npm;."/>
    <property name="java.vendor" value="Oracle Corporation"/>
    <property name="java.vm.info" value="mixed mode"/>
    <property name="java.vm.version" value="10.0.2+13"/>
    <property name="sun.io.unicode.encoding" value="UnicodeLittle"/>
    <property name="java.class.version" value="54.0"/>
  </properties>
  <testcase name="getDateMergedWithTime_invalid_date_BVA" classname="tasks.test.DateServiceTest" time="0.133"/>
  <testcase name="getDateMergedWithTime_valid_minute_ECP[1]" classname="tasks.test.DateServiceTest" time="0.002"/>
  <testcase name="getDateMergedWithTime_valid_minute_ECP[2]" classname="tasks.test.DateServiceTest" time="0.001"/>
  <testcase name="getDateMergedWithTime_valid_minute_ECP[3]" classname="tasks.test.DateServiceTest" time="0.001"/>
  <testcase name="getDateMergedWithTime_valid_date_BVA" classname="tasks.test.DateServiceTest" time="0.001"/>
  <testcase name="getDateMergedWithTime_invalid_hour_BVA" classname="tasks.test.DateServiceTest" time="0.001"/>
  <testcase name="getDateMergedWithTime_invalid_hour_ECP" classname="tasks.test.DateServiceTest" time="0.001"/>
  <testcase name="getDateMergedWithTime_invalid_minute_ECP" classname="tasks.test.DateServiceTest" time="0.001"/>
  <testcase name="getDateMergedWithTime_valid_hour_BVA" classname="tasks.test.DateServiceTest" time="0.001"/>
  <testcase name="getDateMergedWithTime_valid_hour_ECP" classname="tasks.test.DateServiceTest" time="0.001"/>
</testsuite>